<?xml version="1.0" encoding="UTF-8"?>
<!-- Generated by org.testng.reporters.JUnitReportReporter -->
<testsuite hostname="LAPTOP-7D7BGSAC" failures="0" tests="2" name="FacebookVerification.FBverify" time="29.822" errors="0" timestamp="2021-11-02T13:21:13 IST" skipped="0">
  <testcase classname="FacebookVerification.FBverify" name="testA" time="7.967"/>
  <system-out/>
  <testcase classname="FacebookVerification.FBverify" name="testB" time="21.855"/>
  <system-out/>
</testsuite> <!-- FacebookVerification.FBverify -->
